<?xml version="1.0" encoding="UTF-8"?>
<testsuite xmlns:xsi="http://www.w3.org/2001/XMLSchema-instance" xsi:schemaLocation="https://maven.apache.org/surefire/maven-surefire-plugin/xsd/surefire-test-report.xsd" name="com.dataflowdeveloper.processors.process.ExtractTextProcessorTest" time="3.743" tests="8" errors="0" skipped="0" failures="0">
  <properties>
[...]
</properties>
  <testcase name="processor_should_support_doc_types_without_exception" classname="com.dataflowdeveloper.processors.process.ExtractTextProcessorTest" time="1.283"/>
  <testcase name="processor_should_support_pdf_types_without_exception" classname="com.dataflowdeveloper.processors.process.ExtractTextProcessorTest" time="0.864"/>
  <testcase name="when_running_processor_with_limit_text_length_should_be_less_than_or_equal_to_limit" classname="com.dataflowdeveloper.processors.process.ExtractTextProcessorTest" time="0.047"/>
  <testcase name="when_running_processor_mime_type_should_be_discovered_for_docx_input" classname="com.dataflowdeveloper.processors.process.ExtractTextProcessorTest" time="0.742"/>
  <testcase name="when_running_processor_mime_type_should_be_discovered_for_doc_input" classname="com.dataflowdeveloper.processors.process.ExtractTextProcessorTest" time="0.028"/>
  <testcase name="when_running_processor_as_default_unlimited_text_length_should_be_used" classname="com.dataflowdeveloper.processors.process.ExtractTextProcessorTest" time="0.602"/>
  <testcase name="when_running_processor_mime_type_should_be_discovered_for_pdf_input" classname="com.dataflowdeveloper.processors.process.ExtractTextProcessorTest" time="0.04"/>
  <testcase name="processor_should_support_docx_types_without_exception" classname="com.dataflowdeveloper.processors.process.ExtractTextProcessorTest" time="0.075"/>
</testsuite>